INFO - 2023-11-23 11:05:42 --> REDIRECTED ROUTE at http://localhost:8080/home
INFO - 2023-11-23 11:05:46 --> REDIRECTED ROUTE at http://localhost:8080/home
INFO - 2023-11-23 11:06:16 --> REDIRECTED ROUTE at http://localhost:8080/home
INFO - 2023-11-23 11:07:51 --> REDIRECTED ROUTE at http://localhost:8080/home
INFO - 2023-11-23 11:08:24 --> REDIRECTED ROUTE at http://localhost:8080/home
INFO - 2023-11-23 11:12:21 --> REDIRECTED ROUTE at http://localhost:8080/home
INFO - 2023-11-23 11:16:25 --> REDIRECTED ROUTE at http://localhost:8080/home
INFO - 2023-11-23 11:16:33 --> REDIRECTED ROUTE at http://localhost:8080/Home
INFO - 2023-11-23 11:30:42 --> REDIRECTED ROUTE at http://localhost:8080/home
INFO - 2023-11-23 11:31:16 --> REDIRECTED ROUTE at http://localhost:8080/home
INFO - 2023-11-23 11:32:55 --> REDIRECTED ROUTE at http://localhost:8080/home
INFO - 2023-11-23 11:33:20 --> REDIRECTED ROUTE at http://localhost:8080/Home::index
INFO - 2023-11-23 11:35:00 --> REDIRECTED ROUTE at http://localhost:8080/home
INFO - 2023-11-23 11:36:04 --> REDIRECTED ROUTE at http://localhost:8080/home
INFO - 2023-11-23 11:37:23 --> REDIRECTED ROUTE at http://localhost:8080/home
INFO - 2023-11-23 12:02:23 --> REDIRECTED ROUTE at http://localhost:8080/home
INFO - 2023-11-23 12:02:25 --> REDIRECTED ROUTE at http://localhost:8080/home
INFO - 2023-11-23 12:02:28 --> REDIRECTED ROUTE at http://localhost:8080/home
INFO - 2023-11-23 12:06:13 --> REDIRECTED ROUTE at http://localhost:8080/home
INFO - 2023-11-23 12:06:15 --> REDIRECTED ROUTE at http://localhost:8080/home
INFO - 2023-11-23 12:06:20 --> REDIRECTED ROUTE at http://localhost:8080/home
INFO - 2023-11-23 12:07:01 --> REDIRECTED ROUTE at http://localhost:8080/home
INFO - 2023-11-23 12:07:08 --> REDIRECTED ROUTE at http://localhost:8080/home
INFO - 2023-11-23 12:07:10 --> REDIRECTED ROUTE at http://localhost:8080/home
INFO - 2023-11-23 12:14:18 --> REDIRECTED ROUTE at http://localhost:8080/home
INFO - 2023-11-23 12:56:27 --> REDIRECTED ROUTE at http://localhost:8080/home
WARNING - 2023-11-23 13:19:18 --> [DEPRECATED] Creation of dynamic property App\Controllers\Acara::$db is deprecated in APPPATH\Controllers\BaseController.php on line 57.
 1 SYSTEMPATH\CodeIgniter.php(892): App\Controllers\BaseController->initController(Object(CodeIgniter\HTTP\IncomingRequest), Object(CodeIgniter\HTTP\Response), Object(CodeIgniter\Log\Logger))
 2 SYSTEMPATH\CodeIgniter.php(485): CodeIgniter\CodeIgniter->createController()
 3 SYSTEMPATH\CodeIgniter.php(353): CodeIgniter\CodeIgniter->handleRequest(null, Object(Config\Cache), false)
 4 FCPATH\index.php(79): CodeIgniter\CodeIgniter->run()
 5 SYSTEMPATH\Commands\Server\rewrite.php(47): require_once('C:\\xampp\\htdocs\\backend-wedding\\public\\index.php')
WARNING - 2023-11-23 13:19:19 --> [DEPRECATED] Creation of dynamic property App\Controllers\Acara::$db is deprecated in APPPATH\Controllers\BaseController.php on line 57.
 1 SYSTEMPATH\CodeIgniter.php(892): App\Controllers\BaseController->initController(Object(CodeIgniter\HTTP\IncomingRequest), Object(CodeIgniter\HTTP\Response), Object(CodeIgniter\Log\Logger))
 2 SYSTEMPATH\CodeIgniter.php(485): CodeIgniter\CodeIgniter->createController()
 3 SYSTEMPATH\CodeIgniter.php(353): CodeIgniter\CodeIgniter->handleRequest(null, Object(Config\Cache), false)
 4 FCPATH\index.php(79): CodeIgniter\CodeIgniter->run()
 5 SYSTEMPATH\Commands\Server\rewrite.php(47): require_once('C:\\xampp\\htdocs\\backend-wedding\\public\\index.php')
WARNING - 2023-11-23 13:19:20 --> [DEPRECATED] Creation of dynamic property App\Controllers\Acara::$db is deprecated in APPPATH\Controllers\BaseController.php on line 57.
 1 SYSTEMPATH\CodeIgniter.php(892): App\Controllers\BaseController->initController(Object(CodeIgniter\HTTP\IncomingRequest), Object(CodeIgniter\HTTP\Response), Object(CodeIgniter\Log\Logger))
 2 SYSTEMPATH\CodeIgniter.php(485): CodeIgniter\CodeIgniter->createController()
 3 SYSTEMPATH\CodeIgniter.php(353): CodeIgniter\CodeIgniter->handleRequest(null, Object(Config\Cache), false)
 4 FCPATH\index.php(79): CodeIgniter\CodeIgniter->run()
 5 SYSTEMPATH\Commands\Server\rewrite.php(47): require_once('C:\\xampp\\htdocs\\backend-wedding\\public\\index.php')
WARNING - 2023-11-23 13:19:21 --> [DEPRECATED] Creation of dynamic property App\Controllers\Acara::$db is deprecated in APPPATH\Controllers\BaseController.php on line 57.
 1 SYSTEMPATH\CodeIgniter.php(892): App\Controllers\BaseController->initController(Object(CodeIgniter\HTTP\IncomingRequest), Object(CodeIgniter\HTTP\Response), Object(CodeIgniter\Log\Logger))
 2 SYSTEMPATH\CodeIgniter.php(485): CodeIgniter\CodeIgniter->createController()
 3 SYSTEMPATH\CodeIgniter.php(353): CodeIgniter\CodeIgniter->handleRequest(null, Object(Config\Cache), false)
 4 FCPATH\index.php(79): CodeIgniter\CodeIgniter->run()
 5 SYSTEMPATH\Commands\Server\rewrite.php(47): require_once('C:\\xampp\\htdocs\\backend-wedding\\public\\index.php')
CRITICAL - 2023-11-23 13:19:34 --> Undefined property: App\Controllers\Acara::$db
in APPPATH\Controllers\Acara.php on line 9.
 1 APPPATH\Controllers\Acara.php(9): CodeIgniter\Debug\Exceptions->errorHandler(2, 'Undefined property: App\\Controllers\\Acara::$db', 'C:\\xampp\\htdocs\\backend-wedding\\app\\Controllers\\Acara.php', 9)
 2 SYSTEMPATH\CodeIgniter.php(919): App\Controllers\Acara->index()
 3 SYSTEMPATH\CodeIgniter.php(494): CodeIgniter\CodeIgniter->runController(Object(App\Controllers\Acara))
 4 SYSTEMPATH\CodeIgniter.php(353): CodeIgniter\CodeIgniter->handleRequest(null, Object(Config\Cache), false)
 5 FCPATH\index.php(79): CodeIgniter\CodeIgniter->run()
 6 SYSTEMPATH\Commands\Server\rewrite.php(47): require_once('C:\\xampp\\htdocs\\backend-wedding\\public\\index.php')
WARNING - 2023-11-23 13:19:41 --> [DEPRECATED] Creation of dynamic property App\Controllers\Acara::$db is deprecated in APPPATH\Controllers\BaseController.php on line 57.
 1 SYSTEMPATH\CodeIgniter.php(892): App\Controllers\BaseController->initController(Object(CodeIgniter\HTTP\IncomingRequest), Object(CodeIgniter\HTTP\Response), Object(CodeIgniter\Log\Logger))
 2 SYSTEMPATH\CodeIgniter.php(485): CodeIgniter\CodeIgniter->createController()
 3 SYSTEMPATH\CodeIgniter.php(353): CodeIgniter\CodeIgniter->handleRequest(null, Object(Config\Cache), false)
 4 FCPATH\index.php(79): CodeIgniter\CodeIgniter->run()
 5 SYSTEMPATH\Commands\Server\rewrite.php(47): require_once('C:\\xampp\\htdocs\\backend-wedding\\public\\index.php')
WARNING - 2023-11-23 13:23:48 --> [DEPRECATED] Creation of dynamic property App\Controllers\Acara::$db is deprecated in APPPATH\Controllers\BaseController.php on line 57.
 1 SYSTEMPATH\CodeIgniter.php(892): App\Controllers\BaseController->initController(Object(CodeIgniter\HTTP\IncomingRequest), Object(CodeIgniter\HTTP\Response), Object(CodeIgniter\Log\Logger))
 2 SYSTEMPATH\CodeIgniter.php(485): CodeIgniter\CodeIgniter->createController()
 3 SYSTEMPATH\CodeIgniter.php(353): CodeIgniter\CodeIgniter->handleRequest(null, Object(Config\Cache), false)
 4 FCPATH\index.php(79): CodeIgniter\CodeIgniter->run()
 5 SYSTEMPATH\Commands\Server\rewrite.php(47): require_once('C:\\xampp\\htdocs\\backend-wedding\\public\\index.php')
CRITICAL - 2023-11-23 13:23:48 --> Undefined variable $acara
in APPPATH\Views\acara\get.php on line 28.
 1 APPPATH\Views\acara\get.php(28): CodeIgniter\Debug\Exceptions->errorHandler(2, 'Undefined variable $acara', 'C:\\xampp\\htdocs\\backend-wedding\\app\\Views\\acara\\get.php', 28)
 2 SYSTEMPATH\View\View.php(226): include('C:\\xampp\\htdocs\\backend-wedding\\app\\Views\\acara\\get.php')
 3 SYSTEMPATH\View\View.php(229): CodeIgniter\View\View->CodeIgniter\View\{closure}()
 4 SYSTEMPATH\Common.php(1188): CodeIgniter\View\View->render('acara/get', [], true)
 5 APPPATH\Controllers\Acara.php(12): view('acara/get')
 6 SYSTEMPATH\CodeIgniter.php(919): App\Controllers\Acara->index()
 7 SYSTEMPATH\CodeIgniter.php(494): CodeIgniter\CodeIgniter->runController(Object(App\Controllers\Acara))
 8 SYSTEMPATH\CodeIgniter.php(353): CodeIgniter\CodeIgniter->handleRequest(null, Object(Config\Cache), false)
 9 FCPATH\index.php(79): CodeIgniter\CodeIgniter->run()
10 SYSTEMPATH\Commands\Server\rewrite.php(47): require_once('C:\\xampp\\htdocs\\backend-wedding\\public\\index.php')
WARNING - 2023-11-23 13:23:56 --> [DEPRECATED] Creation of dynamic property App\Controllers\Acara::$db is deprecated in APPPATH\Controllers\BaseController.php on line 57.
 1 SYSTEMPATH\CodeIgniter.php(892): App\Controllers\BaseController->initController(Object(CodeIgniter\HTTP\IncomingRequest), Object(CodeIgniter\HTTP\Response), Object(CodeIgniter\Log\Logger))
 2 SYSTEMPATH\CodeIgniter.php(485): CodeIgniter\CodeIgniter->createController()
 3 SYSTEMPATH\CodeIgniter.php(353): CodeIgniter\CodeIgniter->handleRequest(null, Object(Config\Cache), false)
 4 FCPATH\index.php(79): CodeIgniter\CodeIgniter->run()
 5 SYSTEMPATH\Commands\Server\rewrite.php(47): require_once('C:\\xampp\\htdocs\\backend-wedding\\public\\index.php')
CRITICAL - 2023-11-23 13:23:56 --> Undefined variable $Acara
in APPPATH\Views\acara\get.php on line 28.
 1 APPPATH\Views\acara\get.php(28): CodeIgniter\Debug\Exceptions->errorHandler(2, 'Undefined variable $Acara', 'C:\\xampp\\htdocs\\backend-wedding\\app\\Views\\acara\\get.php', 28)
 2 SYSTEMPATH\View\View.php(226): include('C:\\xampp\\htdocs\\backend-wedding\\app\\Views\\acara\\get.php')
 3 SYSTEMPATH\View\View.php(229): CodeIgniter\View\View->CodeIgniter\View\{closure}()
 4 SYSTEMPATH\Common.php(1188): CodeIgniter\View\View->render('acara/get', [], true)
 5 APPPATH\Controllers\Acara.php(12): view('acara/get')
 6 SYSTEMPATH\CodeIgniter.php(919): App\Controllers\Acara->index()
 7 SYSTEMPATH\CodeIgniter.php(494): CodeIgniter\CodeIgniter->runController(Object(App\Controllers\Acara))
 8 SYSTEMPATH\CodeIgniter.php(353): CodeIgniter\CodeIgniter->handleRequest(null, Object(Config\Cache), false)
 9 FCPATH\index.php(79): CodeIgniter\CodeIgniter->run()
10 SYSTEMPATH\Commands\Server\rewrite.php(47): require_once('C:\\xampp\\htdocs\\backend-wedding\\public\\index.php')
WARNING - 2023-11-23 13:25:02 --> [DEPRECATED] Creation of dynamic property App\Controllers\Acara::$db is deprecated in APPPATH\Controllers\BaseController.php on line 57.
 1 SYSTEMPATH\CodeIgniter.php(892): App\Controllers\BaseController->initController(Object(CodeIgniter\HTTP\IncomingRequest), Object(CodeIgniter\HTTP\Response), Object(CodeIgniter\Log\Logger))
 2 SYSTEMPATH\CodeIgniter.php(485): CodeIgniter\CodeIgniter->createController()
 3 SYSTEMPATH\CodeIgniter.php(353): CodeIgniter\CodeIgniter->handleRequest(null, Object(Config\Cache), false)
 4 FCPATH\index.php(79): CodeIgniter\CodeIgniter->run()
 5 SYSTEMPATH\Commands\Server\rewrite.php(47): require_once('C:\\xampp\\htdocs\\backend-wedding\\public\\index.php')
WARNING - 2023-11-23 13:29:52 --> [DEPRECATED] Creation of dynamic property App\Controllers\Acara::$db is deprecated in APPPATH\Controllers\BaseController.php on line 57.
 1 SYSTEMPATH\CodeIgniter.php(892): App\Controllers\BaseController->initController(Object(CodeIgniter\HTTP\IncomingRequest), Object(CodeIgniter\HTTP\Response), Object(CodeIgniter\Log\Logger))
 2 SYSTEMPATH\CodeIgniter.php(485): CodeIgniter\CodeIgniter->createController()
 3 SYSTEMPATH\CodeIgniter.php(353): CodeIgniter\CodeIgniter->handleRequest(null, Object(Config\Cache), false)
 4 FCPATH\index.php(79): CodeIgniter\CodeIgniter->run()
 5 SYSTEMPATH\Commands\Server\rewrite.php(47): require_once('C:\\xampp\\htdocs\\backend-wedding\\public\\index.php')
WARNING - 2023-11-23 13:31:03 --> [DEPRECATED] Creation of dynamic property App\Controllers\Acara::$db is deprecated in APPPATH\Controllers\BaseController.php on line 57.
 1 SYSTEMPATH\CodeIgniter.php(892): App\Controllers\BaseController->initController(Object(CodeIgniter\HTTP\IncomingRequest), Object(CodeIgniter\HTTP\Response), Object(CodeIgniter\Log\Logger))
 2 SYSTEMPATH\CodeIgniter.php(485): CodeIgniter\CodeIgniter->createController()
 3 SYSTEMPATH\CodeIgniter.php(353): CodeIgniter\CodeIgniter->handleRequest(null, Object(Config\Cache), false)
 4 FCPATH\index.php(79): CodeIgniter\CodeIgniter->run()
 5 SYSTEMPATH\Commands\Server\rewrite.php(47): require_once('C:\\xampp\\htdocs\\backend-wedding\\public\\index.php')
WARNING - 2023-11-23 13:34:32 --> [DEPRECATED] Creation of dynamic property App\Controllers\Acara::$db is deprecated in APPPATH\Controllers\BaseController.php on line 57.
 1 SYSTEMPATH\CodeIgniter.php(892): App\Controllers\BaseController->initController(Object(CodeIgniter\HTTP\IncomingRequest), Object(CodeIgniter\HTTP\Response), Object(CodeIgniter\Log\Logger))
 2 SYSTEMPATH\CodeIgniter.php(485): CodeIgniter\CodeIgniter->createController()
 3 SYSTEMPATH\CodeIgniter.php(353): CodeIgniter\CodeIgniter->handleRequest(null, Object(Config\Cache), false)
 4 FCPATH\index.php(79): CodeIgniter\CodeIgniter->run()
 5 SYSTEMPATH\Commands\Server\rewrite.php(47): require_once('C:\\xampp\\htdocs\\backend-wedding\\public\\index.php')
WARNING - 2023-11-23 13:42:29 --> [DEPRECATED] Creation of dynamic property App\Controllers\Acara::$db is deprecated in APPPATH\Controllers\BaseController.php on line 57.
 1 SYSTEMPATH\CodeIgniter.php(892): App\Controllers\BaseController->initController(Object(CodeIgniter\HTTP\IncomingRequest), Object(CodeIgniter\HTTP\Response), Object(CodeIgniter\Log\Logger))
 2 SYSTEMPATH\CodeIgniter.php(485): CodeIgniter\CodeIgniter->createController()
 3 SYSTEMPATH\CodeIgniter.php(353): CodeIgniter\CodeIgniter->handleRequest(null, Object(Config\Cache), false)
 4 FCPATH\index.php(79): CodeIgniter\CodeIgniter->run()
 5 SYSTEMPATH\Commands\Server\rewrite.php(47): require_once('C:\\xampp\\htdocs\\backend-wedding\\public\\index.php')
CRITICAL - 2023-11-23 13:42:29 --> Undefined variable $data
in APPPATH\Controllers\Acara.php on line 16.
 1 APPPATH\Controllers\Acara.php(16): CodeIgniter\Debug\Exceptions->errorHandler(2, 'Undefined variable $data', 'C:\\xampp\\htdocs\\backend-wedding\\app\\Controllers\\Acara.php', 16)
 2 SYSTEMPATH\CodeIgniter.php(919): App\Controllers\Acara->index()
 3 SYSTEMPATH\CodeIgniter.php(494): CodeIgniter\CodeIgniter->runController(Object(App\Controllers\Acara))
 4 SYSTEMPATH\CodeIgniter.php(353): CodeIgniter\CodeIgniter->handleRequest(null, Object(Config\Cache), false)
 5 FCPATH\index.php(79): CodeIgniter\CodeIgniter->run()
 6 SYSTEMPATH\Commands\Server\rewrite.php(47): require_once('C:\\xampp\\htdocs\\backend-wedding\\public\\index.php')
WARNING - 2023-11-23 13:42:36 --> [DEPRECATED] Creation of dynamic property App\Controllers\Acara::$db is deprecated in APPPATH\Controllers\BaseController.php on line 57.
 1 SYSTEMPATH\CodeIgniter.php(892): App\Controllers\BaseController->initController(Object(CodeIgniter\HTTP\IncomingRequest), Object(CodeIgniter\HTTP\Response), Object(CodeIgniter\Log\Logger))
 2 SYSTEMPATH\CodeIgniter.php(485): CodeIgniter\CodeIgniter->createController()
 3 SYSTEMPATH\CodeIgniter.php(353): CodeIgniter\CodeIgniter->handleRequest(null, Object(Config\Cache), false)
 4 FCPATH\index.php(79): CodeIgniter\CodeIgniter->run()
 5 SYSTEMPATH\Commands\Server\rewrite.php(47): require_once('C:\\xampp\\htdocs\\backend-wedding\\public\\index.php')
CRITICAL - 2023-11-23 13:42:36 --> Undefined variable $data
in APPPATH\Controllers\Acara.php on line 16.
 1 APPPATH\Controllers\Acara.php(16): CodeIgniter\Debug\Exceptions->errorHandler(2, 'Undefined variable $data', 'C:\\xampp\\htdocs\\backend-wedding\\app\\Controllers\\Acara.php', 16)
 2 SYSTEMPATH\CodeIgniter.php(919): App\Controllers\Acara->index()
 3 SYSTEMPATH\CodeIgniter.php(494): CodeIgniter\CodeIgniter->runController(Object(App\Controllers\Acara))
 4 SYSTEMPATH\CodeIgniter.php(353): CodeIgniter\CodeIgniter->handleRequest(null, Object(Config\Cache), false)
 5 FCPATH\index.php(79): CodeIgniter\CodeIgniter->run()
 6 SYSTEMPATH\Commands\Server\rewrite.php(47): require_once('C:\\xampp\\htdocs\\backend-wedding\\public\\index.php')
WARNING - 2023-11-23 13:43:32 --> [DEPRECATED] Creation of dynamic property App\Controllers\Acara::$db is deprecated in APPPATH\Controllers\BaseController.php on line 57.
 1 SYSTEMPATH\CodeIgniter.php(892): App\Controllers\BaseController->initController(Object(CodeIgniter\HTTP\IncomingRequest), Object(CodeIgniter\HTTP\Response), Object(CodeIgniter\Log\Logger))
 2 SYSTEMPATH\CodeIgniter.php(485): CodeIgniter\CodeIgniter->createController()
 3 SYSTEMPATH\CodeIgniter.php(353): CodeIgniter\CodeIgniter->handleRequest(null, Object(Config\Cache), false)
 4 FCPATH\index.php(79): CodeIgniter\CodeIgniter->run()
 5 SYSTEMPATH\Commands\Server\rewrite.php(47): require_once('C:\\xampp\\htdocs\\backend-wedding\\public\\index.php')
WARNING - 2023-11-23 13:46:06 --> [DEPRECATED] Creation of dynamic property App\Controllers\Acara::$db is deprecated in APPPATH\Controllers\BaseController.php on line 57.
 1 SYSTEMPATH\CodeIgniter.php(892): App\Controllers\BaseController->initController(Object(CodeIgniter\HTTP\IncomingRequest), Object(CodeIgniter\HTTP\Response), Object(CodeIgniter\Log\Logger))
 2 SYSTEMPATH\CodeIgniter.php(485): CodeIgniter\CodeIgniter->createController()
 3 SYSTEMPATH\CodeIgniter.php(353): CodeIgniter\CodeIgniter->handleRequest(null, Object(Config\Cache), false)
 4 FCPATH\index.php(79): CodeIgniter\CodeIgniter->run()
 5 SYSTEMPATH\Commands\Server\rewrite.php(47): require_once('C:\\xampp\\htdocs\\backend-wedding\\public\\index.php')
WARNING - 2023-11-23 13:48:18 --> [DEPRECATED] Creation of dynamic property App\Controllers\Acara::$db is deprecated in APPPATH\Controllers\BaseController.php on line 57.
 1 SYSTEMPATH\CodeIgniter.php(892): App\Controllers\BaseController->initController(Object(CodeIgniter\HTTP\IncomingRequest), Object(CodeIgniter\HTTP\Response), Object(CodeIgniter\Log\Logger))
 2 SYSTEMPATH\CodeIgniter.php(485): CodeIgniter\CodeIgniter->createController()
 3 SYSTEMPATH\CodeIgniter.php(353): CodeIgniter\CodeIgniter->handleRequest(null, Object(Config\Cache), false)
 4 FCPATH\index.php(79): CodeIgniter\CodeIgniter->run()
 5 SYSTEMPATH\Commands\Server\rewrite.php(47): require_once('C:\\xampp\\htdocs\\backend-wedding\\public\\index.php')
